0:100  0:100  MemLog inited, TSC freq: 2592362480
0:100  0:000  CPU was calibrated with RTC
0:100  0:000  
0:100  0:000  Now is 11.7.2018,  23:12:43 (GMT)
0:100  0:000  Starting Clover revision: 4595 on American Megatrends EFI
0:100  0:000  Build with: [Args: -mc --no-usb -D NO_GRUB_DRIVERS_EMBEDDED -t XCODE8 | -D DISABLE_USB_SUPPORT -D NO_GRUB_DRIVERS_EMBEDDED --conf=/Users/hut/src/edk2/Conf -D USE_BIOS_BLOCKIO -D USE_LOW_EBDA -a X64 -b RELEASE -t XCODE8 -n 9 | OS: 10.13.5 | XCODE: 9.4.1]
0:100  0:000  SelfDevicePath=PciRoot(0x0)\Pci(0x14,0x0)\USB(0x10,0x0)\HD(1,GPT,EA8F5A1D-C798-473D-A5FF-51896207CE5B,0x28,0x64000) @74917418
0:100  0:000  SelfDirPath = \EFI\BOOT
0:101  0:001  === [ Get Smbios ] ========================================
0:106  0:005  Type 16 Index = 0
0:106  0:000  Total Memory Slots Count = 2
0:106  0:000  Type 17 Index = 0
0:106  0:000  SmbiosTable.Type17->Speed = 1600MHz
0:106  0:000  SmbiosTable.Type17->Size = 8192MB
0:106  0:000  SmbiosTable.Type17->Bank/Device = BANK 0 ChannelA-DIMM0
0:106  0:000  SmbiosTable.Type17->Vendor = 80AD000080AD
0:106  0:000  SmbiosTable.Type17->SerialNumber = 16527716
0:106  0:000  SmbiosTable.Type17->PartNumber = HMT41GS6DFR8A-PB  
0:106  0:000  Type 17 Index = 1
0:106  0:000  SmbiosTable.Type17->Speed = 1600MHz
0:106  0:000  SmbiosTable.Type17->Size = 0MB
0:106  0:000  SmbiosTable.Type17->Bank/Device = BANK 2 ChannelB-DIMM0
0:106  0:000  SmbiosTable.Type17->Vendor = 000000000000
0:106  0:000  SmbiosTable.Type17->SerialNumber = 00000000
0:106  0:000  SmbiosTable.Type17->PartNumber =                   
0:106  0:000  Boot status=0
0:106  0:000  Running on: 'Inspiron 7559' with board '0H0CC0'
0:106  0:000  === [ GetCPUProperties ] ==================================
0:106  0:000  CPU Vendor = 756E6547 Model=506E3
0:106  0:000   The CPU supported SSE4.1
0:106  0:000  BrandString = Intel(R) Core(TM) i7-6700HQ CPU @ 2.60GHz
0:106  0:000   The CPU supported turbo
0:106  0:000  MSR 0x35               40008
0:106  0:000   TSC/CCC Information Leaf:
0:106  0:000    numerator     : 216
0:106  0:000    denominator   : 2
0:106  0:000   Calibrated ARTFrequency: 24003356
0:106  0:000  MSR 0xE2 before patch 1E008006
0:106  0:000  MSR 0xE2 is locked, PM patches will be turned on
0:106  0:000  MSR 0xCE              0008083B_F1011A00
0:106  0:000  corrected FLEX_RATIO = 0
0:106  0:000  MSR 0x1B0             00000000
0:106  0:000  FSBFrequency = 97 MHz, DMI FSBFrequency = 100 MHz, Corrected FSBFrequency = 100 MHz
0:106  0:000  MaxDiv/MinDiv: 26.0/8
0:106  0:000  Turbo: 31/32/33/35
0:106  0:000  Features: 0xBFEBFBFF
0:106  0:000  Threads: 8
0:106  0:000  Cores: 4
0:106  0:000  FSB: 100 MHz
0:106  0:000  CPU: 2500 MHz
0:106  0:000  TSC: 2500 MHz
0:106  0:000  PIS: 100 MHz
0:106  0:000  ExternalClock: 25 MHz
0:106  0:000  === [ GetDevices ] ========================================
0:106  0:000  PCI (00|00:00.00) : 8086 1910 class=060000
0:106  0:000  PCI (00|00:01.00) : 8086 1901 class=060400
0:106  0:000  PCI (00|00:01.01) : 8086 1905 class=060400
0:106  0:000  PCI (00|02:00.00) : 10DE 139B class=030200
0:106  0:000  PCI (00|00:02.00) : 8086 191B class=030000
0:106  0:000   - GFX: Model=Intel HD Graphics 530 (Intel)
0:106  0:000  PCI (00|00:04.00) : 8086 1903 class=118000
0:106  0:000  PCI (00|00:14.00) : 8086 A12F class=0C0330
0:106  0:000  PCI (00|00:14.02) : 8086 A131 class=118000
0:106  0:000  PCI (00|00:15.00) : 8086 A160 class=118000
0:106  0:000  PCI (00|00:16.00) : 8086 A13A class=078000
0:106  0:000  PCI (00|00:17.00) : 8086 A103 class=010601
0:106  0:000  PCI (00|00:1C.00) : 8086 A110 class=060400
0:106  0:000  PCI (00|00:1C.04) : 8086 A114 class=060400
0:106  0:000  PCI (00|04:00.00) : 10EC 8168 class=020000
0:106  0:000   - LAN: 0 Vendor=Realtek
0:106  0:000  PCI (00|00:1C.05) : 8086 A115 class=060400
0:106  0:000  PCI (00|05:00.00) : 14E4 43B1 class=028000
0:106  0:000   - WIFI: Vendor=Broadcom
0:106  0:000  PCI (00|00:1C.06) : 8086 A116 class=060400
0:106  0:000  PCI (00|06:00.00) : 10EC 522A class=FF0000
0:106  0:000  PCI (00|00:1F.00) : 8086 A14E class=060100
0:106  0:000  PCI (00|00:1F.02) : 8086 A121 class=058000
0:106  0:000  PCI (00|00:1F.03) : 8086 A170 class=040300
0:106  0:000  PCI (00|00:1F.04) : 8086 A123 class=0C0500
0:106  0:000  === [ GetDefaultSettings ] ================================
0:106  0:000  Clover load options size = 0 bytes
0:116  0:009  EFI\CLOVER\config.plist loaded: Success
0:121  0:005  === [ GetListOfThemes ] ===================================
0:122  0:001  - [00]: random
0:122  0:000  - [00]: embedded
0:124  0:002  === [ Found config plists ] ===============================
0:124  0:000  - config.plist
0:124  0:000  === [ GetEarlyUserSettings ] ==============================
0:124  0:000  timeout set to 10
0:124  0:000  Custom boot CUSTOM_BOOT_DISABLED (0x0)
0:124  0:000  KextsToPatch: 19 requested
0:124  0:000   - [00]: com.apple.driver.usb.AppleUSBXHCIPCI (change 15 port limit to 26 in XHCI kext) :: MatchOS: 10.11.x :: BinPatch :: data len: 7
0:124  0:000   - patch disabled at config
0:124  0:000   - [01]: com.apple.driver.usb.AppleUSBXHCIPCI (change 15 port limit to 26 in XHCI kext) :: MatchOS: 10.12.x :: BinPatch :: data len: 7
0:124  0:000   - patch disabled at config
0:124  0:000   - [02]: com.apple.driver.usb.AppleUSBXHCIPCI (change 15 port limit to 26 in XHCI kext) :: MatchOS: 10.13.x :: BinPatch :: data len: 4
0:124  0:000   - patch disabled at config
0:124  0:000   - [03]: AppleHDA (Zeroing 210 codec) :: BinPatch :: data len: 4
0:124  0:000   - [04]: AppleHDA (Zeroing 262 codec) :: BinPatch :: data len: 4
0:124  0:000   - [05]: AppleHDA (Zeroing 885 codec) :: BinPatch :: data len: 4
0:124  0:000   - [06]: AppleHDA (Zeroing 1983 codec) :: BinPatch :: data len: 4
0:124  0:000   - [07]: AppleHDA (Patching 1984 with 10ec0256 codec) :: BinPatch :: data len: 4
0:124  0:000   - [08]: com.apple.driver.AppleIntelSKLGraphicsFramebuffer (0x19160000/etc, 32MB BIOS, 19MB framebuffer 9MB cursor bytes (credit RehabMan)) :: BinPatch :: data len: 8
0:124  0:000   - patch disabled at config
0:124  0:000   - [09]: com.apple.driver.AppleIntelSKLGraphicsFramebuffer (eDP, port 0000, 0x191e0000, 0x19160000, 0x19260000, 0x19270000, 0x191b0000, 0x19160002, 0x19260002, 0x191e0003, 0x19260004, 0x19270004, 0x193b0005 credit syscl) :: BinPatch :: data len: 20
0:124  0:000   - patch disabled at config
0:124  0:000   - [10]: com.apple.driver.AppleIntelSKLGraphicsFramebuffer (Enable lid wake for 0x19260002 credit syscl/lighting/Yating Zhou) :: BinPatch :: data len: 16
0:124  0:000   - patch disabled at config
0:124  0:000   - [11]: com.apple.driver.AppleIntelSKLGraphicsFramebuffer (Enable lid wake for 0x19260004 credit syscl/lighting/Yating Zhou) :: BinPatch :: data len: 16
0:124  0:000   - patch disabled at config
0:124  0:000   - [12]: IOGraphicsFamily (Boot graphics glitch, 10.10.x/10.11.x (credit lisai9093, cecekpawon)) :: MatchOS: 10.11.x :: BinPatch :: data len: 5
0:124  0:000   - [13]: com.apple.iokit.IOGraphicsFamily (Boot graphics glitch, 10.12.dp1 (credit denskop)) :: MatchOS: 10.12.x,10.13.x :: BinPatch :: data len: 5
0:124  0:000   - [14]: IOBluetoothFamily (10.11.dp1+ BT4LE-Handoff-Hotspot, credit RehabMan based on Dokterdok original) :: BinPatch :: data len: 8
0:124  0:000   - [15]: com.apple.driver.AppleBacklight (change F%uT%04x to F%uTxxxx for AppleBacklightInjector.kext (credit RehabMan)) :: BinPatch :: data len: 9
0:124  0:000   - [16]: com.apple.driver.AirPort.Brcm4360 (10.10.2+ 5Ghz #a FCC, the-darkvoid) :: MatchOS: 10.11.x,10.12.x :: BinPatch :: data len: 7
0:124  0:000   - [17]: com.apple.driver.AirPort.BrcmNIC (10.13 5Ghz #a FCC, Credit PMheart (no effect on 10.13.2)) - invalid Find/Replace data - skipping!
0:124  0:000   - [18]: com.apple.iokit.IOAHCIBlockStorage (Enable TRIM for SSD) :: BinPatch :: data len: 11
0:124  0:000   - patch disabled at config
0:124  0:000  KernelToPatch: 1 requested
0:124  0:000   - [00]: MSR 0xE2 _xcpm_idle instant reboot(c) Pike R. Alpha :: data len: 8
0:124  0:000  Default theme: random
0:124  0:000  Hiding entries with string Preboot
0:125  0:000  === [ LoadDrivers ] =======================================
0:126  0:001  Loading AppleImageCodec-64.efi  status=Success
0:126  0:000  Loading AppleUITheme-64.efi  status=Success
0:126  0:000  Loading DataHubDxe-64.efi  status=Success
0:131  0:004  Loading AppleKeyAggregator-64.efi  status=Success
0:131  0:000  Loading FSInject-64.efi  status=Success
0:131  0:000  Loading FirmwareVolume-64.efi  status=Success
0:133  0:001  Loading ApfsDriverLoader-64.efi  status=Success
0:133  0:000   - driver needs connecting
0:133  0:000  Loading AptioMemoryFix-64.efi  status=Success
0:133  0:000  Loading HFSPlus.efi  status=Success
0:135  0:001   - driver needs connecting
0:135  0:000  2 drivers needs connecting ...
0:135  0:000  PlatformDriverOverrideProtocol not found. Installing ... Success
0:135  0:000  HFS+ driver loaded
0:135  0:000  APFS driver loaded
0:135  0:000  Searching for invalid DiskIo BY_DRIVER connects: not found, all ok
4:029  3:894  === [ InitScreen ] ========================================
4:029  0:000  SetMaxResolution: found best mode 0: 3840x2160
4:029  0:000   - already set
4:029  0:000  Console modes reported: 5, available modes:
4:029  0:000   - [01]: 80x25
4:029  0:000   - [02]: 80x25
4:029  0:000   - [03]: 100x31 (current mode)
4:029  0:000   - [04]: 480x113
4:029  0:000   - [05]: 80x24
4:029  0:000  SetScreenResolution: 3840x2160 - already set
4:029  0:000  reinit: self device path=PciRoot(0x0)\Pci(0x14,0x0)\USB(0x10,0x0)\HD(1,GPT,EA8F5A1D-C798-473D-A5FF-51896207CE5B,0x28,0x64000)
4:030  0:000  Using embedded font: Success
4:031  0:000  === [ GetMacAddress ] =====================================
4:031  0:000  MAC address of LAN #0= F4:8E:38:EC:56:15:
4:031  0:000  MAC address of LAN #1= F4:8E:38:EC:56:15:
4:031  0:000  MAC address of LAN #2= F4:8E:38:EC:56:15:
4:031  0:000  MAC address of LAN #3= F4:8E:38:EC:56:15:
4:031  0:000  === [ ScanSPD ] ===========================================
4:031  0:000  SMBus device : 8086 A123 class=0C0500 status=Success
4:031  0:000  SMBus CmdReg: 0x3
4:031  0:000  Scanning SMBus [8086:A123], mmio: 0xDF132004, ioport: 0xF040, hostc: 0x11
4:031  0:000  Slots to scan [8]...
4:032  0:000  SPD[0]: Type 11 @0x50
4:050  0:018  Not using XMP because it is not present
4:050  0:000  DDR speed 1600MHz
4:050  0:000  Slot: 0 Type 24 8192MB 1600MHz Vendor=SK Hynix PartNo=HMT41GS6DFR8A-PBN0 SerialNo=01000304040D0A02
4:051  0:000  === [ GetAcpiTablesList ] =================================
4:060  0:009  Get Acpi Tables List from RSDT:
4:060  0:000   - [00]: FACP  QA09    len=132
4:060  0:000   - [01]: APIC  QA09    len=188
4:060  0:000   - [02]: FPDT  QA09    len=68
4:060  0:000   - [03]: FIDT  QA09    len=156
4:060  0:000   - [04]: MCFG  QA09 len=60
4:060  0:000   - [05]: HPET  QA09 len=56
4:060  0:000   - [06]: SSDT  SataTabl len=789
4:060  0:000   - [07]: LPIT  SKL len=148
4:060  0:000   - [08]: SSDT  sensrhub len=584
4:060  0:000   - [09]: SSDT  PtidDevc len=3793
4:060  0:000   - [10]: SSDT  Ther_Rvp len=3141
4:060  0:000   - [11]: DBGP   len=52
4:060  0:000   - [12]: DBG2   len=84
4:060  0:000   - [13]: SSDT  DptfTabl len=13782
4:060  0:000   - [14]: BOOT  QA09     len=40
4:060  0:000   - [15]: SLIC  QA09    len=374
4:060  0:000   - [16]: SSDT  SaSsdt  len=21430
4:060  0:000   - [17]: UEFI   len=66
4:060  0:000   - [18]: MSDM  QA09    len=85
4:060  0:000   - [19]: SSDT  CpuSsdt len=3672
4:060  0:000   - [20]: SSDT  SgPeg len=209
4:060  0:000   - [21]: BGRT  QA09    len=56
4:060  0:000   - [22]: SSDT  OptTabl len=6655
4:060  0:000  Calibrated TSC Frequency = 2592362480 = 2592MHz
4:060  0:000  === [ GetUserSettings ] ===================================
4:060  0:000  USB FixOwnership: yes
4:060  0:000  Dropping 3 tables:
4:060  0:000   - [00]: Drop table  signature="#MCF" (46434D23)
4:060  0:000           - set table: 46434D23,                0 to drop: no
4:060  0:000   - [01]: Drop table  signature="DMAR" (52414D44)
4:060  0:000           - set table: 52414D44,                0 to drop: no
4:060  0:000   - [02]: Drop table  signature="SSDT" (54445353) table-id="xh_rvp10" (30317076725F6878)
4:060  0:000           - set table: 54445353, 30317076725F6878 to drop: no
4:061  0:000   - final DSDT Fix mask=20060050
4:061  0:000  PatchesDSDT: 19 requested
4:061  0:000   - [00]: (change OSID to XSID (to avoid match against _OSI XOSI patch)) lenToFind: 4, lenToReplace: 4, Target Bridge: <null string>
4:061  0:000   - [01]: (change _OSI to XOSI) lenToFind: 4, lenToReplace: 4, Target Bridge: <null string>
4:061  0:000   - [02]: (change EHC1 to EH01) lenToFind: 4, lenToReplace: 4, Target Bridge: <null string>
4:061  0:000   - [03]: (change EHC2 to EH02) lenToFind: 4, lenToReplace: 4, Target Bridge: <null string>
4:061  0:000   - [04]: (change _DSM to XDSM) lenToFind: 4, lenToReplace: 4, Target Bridge: <null string>
4:061  0:000   - [05]: (change EC0 to EC) lenToFind: 4, lenToReplace: 4, Target Bridge: <null string>
4:061  0:000    patch disabled at config
4:061  0:000   - [06]: (change H_EC to EC) lenToFind: 4, lenToReplace: 4, Target Bridge: <null string>
4:061  0:000    patch disabled at config
4:061  0:000   - [07]: (change ECDV to EC) lenToFind: 4, lenToReplace: 4, Target Bridge: <null string>
4:061  0:000    patch disabled at config
4:061  0:000   - [08]: (change HDAS to HDEF) lenToFind: 4, lenToReplace: 4, Target Bridge: <null string>
4:061  0:000   - [09]: (change HECI to IMEI) lenToFind: 4, lenToReplace: 4, Target Bridge: <null string>
4:061  0:000   - [10]: (change MEI to IMEI) lenToFind: 4, lenToReplace: 4, Target Bridge: <null string>
4:061  0:000   - [11]: (change GFX0 to IGPU) lenToFind: 4, lenToReplace: 4, Target Bridge: <null string>
4:061  0:000   - [12]: (change PCI0.VID to IGPU #1 (Thinkpad)) lenToFind: 8, lenToReplace: 8, Target Bridge: <null string>
4:061  0:000    patch disabled at config
4:061  0:000   - [13]: (change PCI0.VID to IGPU #2 (Thinkpad)) lenToFind: 14, lenToReplace: 14, Target Bridge: <null string>
4:061  0:000    patch disabled at config
4:061  0:000   - [14]: (change _BIF to XBIF) lenToFind: 4, lenToReplace: 4, Target Bridge: <null string>
4:061  0:000   - [15]: (change _BST to XBST) lenToFind: 4, lenToReplace: 4, Target Bridge: <null string>
4:061  0:000   - [16]: (change Method(GPRW,2,N) to XPRW, pair with SSDT-PRW.aml) lenToFind: 5, lenToReplace: 5, Target Bridge: <null string>
4:061  0:000   - [17]: (change Method _Q80 to XQ80, pair with SSDT-BTNB.aml) lenToFind: 6, lenToReplace: 6, Target Bridge: <null string>
4:061  0:000   - [18]: (change Method _Q81 to XQ81, pair with SSDT-BTNB.aml) lenToFind: 6, lenToReplace: 6, Target Bridge: <null string>
4:061  0:000  Using ProductName from config: MacBookPro11,2
4:061  0:000  Using latest BiosVersion from clover
4:061  0:000  BiosVersion: MBP112.88Z.0146.B00.1804111138
4:061  0:000  BiosReleaseDate: 04/11/2018
4:061  0:000  Using FirmwareFeatures from clover: 0xE80FE137
4:061  0:000  Using FirmwareFeaturesMask from clover: 0xFF1FFF3F
4:061  0:000  Using PlatformFeature from clover: 0x2
4:061  0:000  Board-ID set from config as Mac-3CBD00234E554E41
4:061  0:000  BoardType: 0xA
4:061  0:000  ChassisType: 0x8
4:062  0:001  === [ Found DSDT tables ] =================================
4:282  0:219  === [ ScanVolumes ] =======================================
4:282  0:000  Found 18 volumes with blockIO
4:282  0:000  - [00]: Volume: PciRoot(0x0)\Pci(0x14,0x0)\USB(0x10,0x0)
4:283  0:000          USB volume
4:283  0:000  - [01]: Volume: PciRoot(0x0)\Pci(0x14,0x0)\USB(0x10,0x0)\HD(1,GPT,EA8F5A1D-C798-473D-A5FF-51896207CE5B,0x28,0x64000)
4:284  0:000          Result of bootcode detection: bootable unknown (legacy)
4:284  0:000          USB volume
4:285  0:001          This is SelfVolume !!
4:285  0:000  - [02]: Volume: PciRoot(0x0)\Pci(0x14,0x0)\USB(0x10,0x0)\HD(2,GPT,13FEE2C9-AD0B-4675-B495-B238E249AE6E,0x64028,0xE19BFB0)
4:286  0:000          Result of bootcode detection: bootable unknown (legacy)
4:286  0:000          USB volume
4:286  0:000  - [03]: Volume: PciRoot(0x0)\Pci(0x17,0x0)\Sata(0x1,0xFFFF,0x0)
4:287  0:001  - [04]: Volume: PciRoot(0x0)\Pci(0x17,0x0)\Sata(0x1,0xFFFF,0x0)\HD(1,GPT,148257A6-6471-4C01-B49C-5E210D645AFF,0x28,0x64000)
4:288  0:000          Result of bootcode detection: bootable unknown (legacy)
4:288  0:000  - [05]: Volume: PciRoot(0x0)\Pci(0x17,0x0)\Sata(0x1,0xFFFF,0x0)\HD(2,GPT,966C04CC-972E-4086-BE88-E0FF190CF2F9,0x64028,0xDE8E838)
4:289  0:000  - [06]: Volume: PciRoot(0x0)\Pci(0x17,0x0)\Sata(0x1,0xFFFF,0x0)\HD(3,GPT,B0A59CAA-8594-4AB8-B689-4F7FC31C5F6C,0xDEF2860,0x135F20)
4:289  0:000  - [07]: Volume: PciRoot(0x0)\Pci(0x17,0x0)\Sata(0x1,0xFFFF,0x0)\HD(4,GPT,AEE96970-9E81-4D48-8A73-62F5D134F454,0xE028800,0x8000)
4:290  0:000  - [08]: Volume: PciRoot(0x0)\Pci(0x17,0x0)\Sata(0x1,0xFFFF,0x0)\HD(5,GPT,74A2D2F2-9A4A-4FF1-AB14-6B0C7A470285,0xE030800,0xF0A1E6F)
4:291  0:000          Result of bootcode detection: bootable Windows (vista,win)
4:291  0:000  - [09]: Volume: PciRoot(0x0)\Pci(0x17,0x0)\Sata(0x1,0xFFFF,0x0)\HD(6,GPT,C8DFF98D-88E5-4A53-A543-B8E342BA9F38,0x1D0D2800,0x1BA000)
4:291  0:000          Result of bootcode detection: bootable Windows (vista,win)
4:291  0:000  - [10]: Volume: PciRoot(0x0)\Pci(0x17,0x0)\Sata(0x1,0xFFFF,0x0)\HD(7,GPT,86436B25-768D-4C79-A764-DFCF2B89C84A,0x1D28D000,0x73FA0E0)
4:292  0:000  - [11]: Volume: PciRoot(0x0)\Pci(0x17,0x0)\Sata(0x1,0xFFFF,0x0)\HD(8,GPT,2F735CC6-47D0-4632-A631-A95EDDF6B80C,0x246870E0,0x135F20)
4:292  0:000  - [12]: Volume: PciRoot(0x0)\Pci(0x17,0x0)\Sata(0x1,0xFFFF,0x0)\HD(9,GPT,53271732-FF7E-443D-AFAB-77CCA6E183C3,0x247BD000,0x43BF9000)
4:293  0:000          Result of bootcode detection: bootable Windows (vista,win)
4:293  0:000  - [13]: Volume: PciRoot(0x0)\Pci(0x17,0x0)\Sata(0x1,0xFFFF,0x0)\HD(10,GPT,0CD1D582-CD20-43A8-96D7-4D4CEC310676,0x683B6000,0xC310D88)
4:293  0:000  - [14]: Volume: PciRoot(0x0)\Pci(0x14,0x0)\USB(0x10,0x0)\HD(2,GPT,13FEE2C9-AD0B-4675-B495-B238E249AE6E,0x64028,0xE19BFB0)\VenMedia(BE74FCF7-0B7C-49F3-9147-01F4042E6842,690D83A776DD2C408F84CD7C22F9438B)
4:294  0:000          USB volume
4:294  0:000          hiding this volume
4:294  0:000  - [15]: Volume: PciRoot(0x0)\Pci(0x14,0x0)\USB(0x10,0x0)\HD(2,GPT,13FEE2C9-AD0B-4675-B495-B238E249AE6E,0x64028,0xE19BFB0)\VenMedia(BE74FCF7-0B7C-49F3-9147-01F4042E6842,8239DE3D91EA4F4F8858F25203625D66)
4:294  0:000          USB volume
4:294  0:000  - [16]: Volume: PciRoot(0x0)\Pci(0x14,0x0)\USB(0x10,0x0)\HD(2,GPT,13FEE2C9-AD0B-4675-B495-B238E249AE6E,0x64028,0xE19BFB0)\VenMedia(BE74FCF7-0B7C-49F3-9147-01F4042E6842,B5F614B64A642449B836BB7AF6C4CC10)
4:294  0:000          USB volume
4:294  0:000  - [17]: Volume: PciRoot(0x0)\Pci(0x14,0x0)\USB(0x10,0x0)\HD(2,GPT,13FEE2C9-AD0B-4675-B495-B238E249AE6E,0x64028,0xE19BFB0)\VenMedia(BE74FCF7-0B7C-49F3-9147-01F4042E6842,14B5D69C653AF4449CB4E8A17A88B835)
4:294  0:000          USB volume
4:294  0:000  === [ InitTheme ] =========================================
4:294  0:000   using embedded theme
4:294  0:000  Using embedded font: Success
4:295  0:000  Chosen embedded theme
4:295  0:000  after NVRAM boot-args=kext-dev-mode=1 dart=0 nv_disable=1 -lilubetaall -igfxbeta -v
4:295  0:000  === [ Dump SMC keys from NVRAM ] ==========================
4:295  0:000  no AppleSMC protocol
4:311  0:016  === [ AddCustomEntries ] ==================================
4:311  0:000  Custom entry 0 skipped because it is hidden.
4:311  0:000  Custom entry 1 Title:"Windows" Path:"\EFI\Microsoft\Boot\bootmgfw.efi" Options:"-s -h" Type:7 Flags:0x0 matching all volumes
4:311  0:000      Checking volume "EFI" (PciRoot(0x0)\Pci(0x14,0x0)\USB(0x10,0x0)\HD(1,GPT,EA8F5A1D-C798-473D-A5FF-51896207CE5B,0x28,0x64000)) ... skipped because path does not exist
4:311  0:000      Checking volume "EFI" (PciRoot(0x0)\Pci(0x17,0x0)\Sata(0x1,0xFFFF,0x0)\HD(1,GPT,148257A6-6471-4C01-B49C-5E210D645AFF,0x28,0x64000)) ... match!
4:313  0:001  Custom settings: <null string>.plist will  be applied
4:313  0:000      Checking volume "osx" (PciRoot(0x0)\Pci(0x17,0x0)\Sata(0x1,0xFFFF,0x0)\HD(2,GPT,966C04CC-972E-4086-BE88-E0FF190CF2F9,0x64028,0xDE8E838)) ... skipped because path does not exist
4:313  0:000      Checking volume "Recovery HD" (PciRoot(0x0)\Pci(0x17,0x0)\Sata(0x1,0xFFFF,0x0)\HD(3,GPT,B0A59CAA-8594-4AB8-B689-4F7FC31C5F6C,0xDEF2860,0x135F20)) ... skipped because path does not exist
4:313  0:000      Checking volume "HighSierra-hdd" (PciRoot(0x0)\Pci(0x17,0x0)\Sata(0x1,0xFFFF,0x0)\HD(7,GPT,86436B25-768D-4C79-A764-DFCF2B89C84A,0x1D28D000,0x73FA0E0)) ... skipped because path does not exist
4:313  0:000      Checking volume "Recovery HD" (PciRoot(0x0)\Pci(0x17,0x0)\Sata(0x1,0xFFFF,0x0)\HD(8,GPT,2F735CC6-47D0-4632-A631-A95EDDF6B80C,0x246870E0,0x135F20)) ... skipped because path does not exist
4:313  0:000      Checking volume "data2" (PciRoot(0x0)\Pci(0x17,0x0)\Sata(0x1,0xFFFF,0x0)\HD(10,GPT,0CD1D582-CD20-43A8-96D7-4D4CEC310676,0x683B6000,0xC310D88)) ... skipped because path does not exist
4:313  0:000      Checking volume "Preboot" (PciRoot(0x0)\Pci(0x14,0x0)\USB(0x10,0x0)\HD(2,GPT,13FEE2C9-AD0B-4675-B495-B238E249AE6E,0x64028,0xE19BFB0)\VenMedia(BE74FCF7-0B7C-49F3-9147-01F4042E6842,690D83A776DD2C408F84CD7C22F9438B)) ... skipped because volume is hidden
4:313  0:000      Checking volume "ssd-mojave" (PciRoot(0x0)\Pci(0x14,0x0)\USB(0x10,0x0)\HD(2,GPT,13FEE2C9-AD0B-4675-B495-B238E249AE6E,0x64028,0xE19BFB0)\VenMedia(BE74FCF7-0B7C-49F3-9147-01F4042E6842,8239DE3D91EA4F4F8858F25203625D66)) ... skipped because path does not exist
4:314  0:000      Checking volume "Recovery" (PciRoot(0x0)\Pci(0x14,0x0)\USB(0x10,0x0)\HD(2,GPT,13FEE2C9-AD0B-4675-B495-B238E249AE6E,0x64028,0xE19BFB0)\VenMedia(BE74FCF7-0B7C-49F3-9147-01F4042E6842,B5F614B64A642449B836BB7AF6C4CC10)) ... skipped because path does not exist
4:315  0:000      Checking volume "VM" (PciRoot(0x0)\Pci(0x14,0x0)\USB(0x10,0x0)\HD(2,GPT,13FEE2C9-AD0B-4675-B495-B238E249AE6E,0x64028,0xE19BFB0)\VenMedia(BE74FCF7-0B7C-49F3-9147-01F4042E6842,14B5D69C653AF4449CB4E8A17A88B835)) ... skipped because path does not exist
4:315  0:000  === [ ScanLoader ] ========================================
4:315  0:000  - [01]: 'EFI'
4:316  0:001          AddLoaderEntry for Volume Name=EFI
4:316  0:000          skipped because entry is hidden
4:316  0:000  - [04]: 'EFI'
4:320  0:003          AddLoaderEntry for Volume Name=EFI
4:320  0:000       skipped because path `PciRoot(0x0)\Pci(0x17,0x0)\Sata(0x1,0xFFFF,0x0)\HD(1,GPT,148257A6-6471-4C01-B49C-5E210D645AFF,0x28,0x64000)\EFI\microsoft\Boot\bootmgfw.efii` already exists for another entry!
4:324  0:003          AddLoaderEntry for Volume Name=EFI
4:324  0:000          skipped because entry is hidden
4:324  0:000  - [05]: 'osx'
4:330  0:006          AddLoaderEntry for Volume Name=osx
4:330  0:000      Not match custom entry 0: Type: not match
4:333  0:003      hibernated: set as never
4:335  0:001  - [06]: 'Recovery HD'
4:336  0:000          AddLoaderEntry for Volume Name=Recovery HD
4:336  0:000      Skipped because matching custom entry 0!
4:336  0:000  - [10]: 'HighSierra-hdd'
4:341  0:004          AddLoaderEntry for Volume Name=HighSierra-hdd
4:341  0:000      Not match custom entry 0: Type: not match
4:344  0:002      hibernated: set as never
4:345  0:001  - [11]: 'Recovery HD'
4:346  0:000          AddLoaderEntry for Volume Name=Recovery HD
4:346  0:000      Skipped because matching custom entry 0!
4:346  0:000  - [13]: 'data2'
4:347  0:001  - [14]: 'Preboot', hidden
4:347  0:000  - [15]: 'ssd-mojave'
4:448  0:100          AddLoaderEntry for Volume Name=ssd-mojave
4:448  0:000      Not match custom entry 0: Type: not match
4:472  0:024      hibernated: set as never
4:497  0:024  - [16]: 'Recovery'
4:503  0:006          AddLoaderEntry for Volume Name=Recovery
4:503  0:000      Skipped because matching custom entry 0!
4:516  0:012  - [17]: 'VM'
4:516  0:000  === [ AddCustomTool ] =====================================
4:517  0:001  found tool \EFI\CLOVER\tools\Shell64U.efi
4:517  0:000  Checking EFI partition Volume 1 for Clover
4:517  0:000   Found Clover
4:518  0:000  === [ GetEfiBootDeviceFromNvram ] =========================
4:518  0:000   - efi-boot-device-data: PciRoot(0x0)\Pci(0x14,0x0)\USB(0x10,0x0)\HD(2,GPT,13FEE2C9-AD0B-4675-B495-B238E249AE6E,0x64028,0xE19BFB0)\VenMedia(BE74FCF7-0B7C-49F3-9147-01F4042E6842,690D83A776DD2C408F84CD7C22F9438B)\3DDE3982-EA91-4F4F-8858-F25203625D66\System\Library\CoreServices\boot.efii
4:518  0:000    - Volume: 'PciRoot(0x0)\Pci(0x14,0x0)\USB(0x10,0x0)\HD(2,GPT,13FEE2C9-AD0B-4675-B495-B238E249AE6E,0x64028,0xE19BFB0)\VenMedia(BE74FCF7-0B7C-49F3-9147-01F4042E6842,690D83A776DD2C408F84CD7C22F9438B)'
4:518  0:000    - LoaderPath: '\3DDE3982-EA91-4F4F-8858-F25203625D66\System\Library\CoreServices\boot.efi'
4:518  0:000    - Guid = 13FEE2C9-AD0B-4675-B495-B238E249AE6E
4:518  0:000  === [ FindStartupDiskVolume ] =============================
4:518  0:000    - Volume: partition = PciRoot(0x0)\Pci(0x14,0x0)\USB(0x10,0x0)\HD(2,GPT,13FEE2C9-AD0B-4675-B495-B238E249AE6E,0x64028,0xE19BFB0)\VenMedia(BE74FCF7-0B7C-49F3-9147-01F4042E6842,690D83A776DD2C408F84CD7C22F9438B)
4:518  0:000     - searching for that partition and loader '\3DDE3982-EA91-4F4F-8858-F25203625D66\System\Library\CoreServices\boot.efi'
4:518  0:000      - [!] not found
4:518  0:000     - searching again, but comparing Media dev path nodes
4:518  0:000      - [!] not found
4:518  0:000     - searching for that partition
4:518  0:000      - [!] not found
4:518  0:000     - searching again, but comparing Media dev path nodes
4:518  0:000      - found entry 3. 'Boot macOS from ssd-mojave', Volume 'ssd-mojave'
4:518  0:000  Boot redirected to Entry 3. 'Boot macOS from ssd-mojave'
4:518  0:000  DefaultIndex=3 and MainMenu.EntryCount=10
4:729  0:210  GUI ready
10:323  5:594  ParseBootOption: invalid boot variable
10:323  0:000  BootVariable of the entry is empty
10:323  0:000  === [ StartLoader ] =======================================
10:323  0:000  Finally: ExternalClock=25MHz BusSpeed=99707kHz CPUFreq=2592MHz PIS: hw.busfrequency=100000000Hz
10:323  0:000  Loading boot.efi  status=Success
10:535  0:211  GetOSVersion: 10.14 (18A314k)
10:535  0:000  CSR_CFG: CSR_ALLOW_UNTRUSTED_KEXTS | CSR_ALLOW_UNRESTRICTED_FS | CSR_ALLOW_TASK_FOR_PID | CSR_ALLOW_UNRESTRICTED_DTRACE | CSR_ALLOW_UNRESTRICTED_NVRAM
10:535  0:000  Filtering KextPatches:
10:535  0:000   - [00]: com.apple.driver.usb.AppleUSBXHCIPCI (change 15 port limit to 26 in XHCI kext) :: BinPatch :: [OS: 10.14 | MatchOS: 10.11.x | MatchBuild: All] ==> disabled by user
10:535  0:000   - [01]: com.apple.driver.usb.AppleUSBXHCIPCI (change 15 port limit to 26 in XHCI kext) :: BinPatch :: [OS: 10.14 | MatchOS: 10.12.x | MatchBuild: All] ==> disabled by user
10:535  0:000   - [02]: com.apple.driver.usb.AppleUSBXHCIPCI (change 15 port limit to 26 in XHCI kext) :: BinPatch :: [OS: 10.14 | MatchOS: 10.13.x | MatchBuild: All] ==> disabled by user
10:535  0:000   - [03]: AppleHDA (Zeroing 210 codec) :: BinPatch :: [OS: 10.14 | MatchOS: All | MatchBuild: All] ==> allowed
10:535  0:000   - [04]: AppleHDA (Zeroing 262 codec) :: BinPatch :: [OS: 10.14 | MatchOS: All | MatchBuild: All] ==> allowed
10:535  0:000   - [05]: AppleHDA (Zeroing 885 codec) :: BinPatch :: [OS: 10.14 | MatchOS: All | MatchBuild: All] ==> allowed
10:535  0:000   - [06]: AppleHDA (Zeroing 1983 codec) :: BinPatch :: [OS: 10.14 | MatchOS: All | MatchBuild: All] ==> allowed
10:535  0:000   - [07]: AppleHDA (Patching 1984 with 10ec0256 codec) :: BinPatch :: [OS: 10.14 | MatchOS: All | MatchBuild: All] ==> allowed
10:535  0:000   - [08]: com.apple.driver.AppleIntelSKLGraphicsFramebuffer (0x19160000/etc, 32MB BIOS, 19MB framebuffer 9MB cursor bytes (credit RehabMan)) :: BinPatch :: [OS: 10.14 | MatchOS: All | MatchBuild: All] ==> disabled by user
10:535  0:000   - [09]: com.apple.driver.AppleIntelSKLGraphicsFramebuffer (eDP, port 0000, 0x191e0000, 0x19160000, 0x19260000, 0x19270000, 0x191b0000, 0x19160002, 0x19260002, 0x191e0003, 0x19260004, 0x19270004, 0x193b0005 credit syscl) :: BinPatch :: [OS: 10.14 | MatchOS: All | MatchBuild: All] ==> disabled by user
10:535  0:000   - [10]: com.apple.driver.AppleIntelSKLGraphicsFramebuffer (Enable lid wake for 0x19260002 credit syscl/lighting/Yating Zhou) :: BinPatch :: [OS: 10.14 | MatchOS: All | MatchBuild: All] ==> disabled by user
10:535  0:000   - [11]: com.apple.driver.AppleIntelSKLGraphicsFramebuffer (Enable lid wake for 0x19260004 credit syscl/lighting/Yating Zhou) :: BinPatch :: [OS: 10.14 | MatchOS: All | MatchBuild: All] ==> disabled by user
10:535  0:000   - [12]: IOGraphicsFamily (Boot graphics glitch, 10.10.x/10.11.x (credit lisai9093, cecekpawon)) :: BinPatch :: [OS: 10.14 | MatchOS: 10.11.x | MatchBuild: All] ==> not allowed
10:535  0:000   - [13]: com.apple.iokit.IOGraphicsFamily (Boot graphics glitch, 10.12.dp1 (credit denskop)) :: BinPatch :: [OS: 10.14 | MatchOS: 10.12.x,10.13.x | MatchBuild: All] ==> not allowed
10:535  0:000   - [14]: IOBluetoothFamily (10.11.dp1+ BT4LE-Handoff-Hotspot, credit RehabMan based on Dokterdok original) :: BinPatch :: [OS: 10.14 | MatchOS: All | MatchBuild: All] ==> allowed
10:535  0:000   - [15]: com.apple.driver.AppleBacklight (change F%uT%04x to F%uTxxxx for AppleBacklightInjector.kext (credit RehabMan)) :: BinPatch :: [OS: 10.14 | MatchOS: All | MatchBuild: All] ==> allowed
10:535  0:000   - [16]: com.apple.driver.AirPort.Brcm4360 (10.10.2+ 5Ghz #a FCC, the-darkvoid) :: BinPatch :: [OS: 10.14 | MatchOS: 10.11.x,10.12.x | MatchBuild: All] ==> not allowed
10:535  0:000   - [17]: com.apple.iokit.IOAHCIBlockStorage (Enable TRIM for SSD) :: BinPatch :: [OS: 10.14 | MatchOS: All | MatchBuild: All] ==> disabled by user
10:535  0:000  Filtering KernelPatches:
10:535  0:000   - [00]: MSR 0xE2 _xcpm_idle instant reboot(c) Pike R. Alpha :: [OS: 10.14 | MatchOS: All | MatchBuild: no] ==> allowed by OS
10:535  0:000  Will not patch boot.efi
10:535  0:000  === [ PatchSmbios ] =======================================
10:535  0:000  insert table 9 for dev 0:0
10:535  0:000  insert table 9 for dev 0:0
10:536  0:000  Trusting SMBIOS...
10:536  0:000  Detected alternating SMBIOS channel banks
10:536  0:000  Channels: 1
10:536  0:000  Interleave: 0 1 2 3 4 5 6 7 8 9 10 11 12 13 14 15 16 17 18 19 20 21 22 23
10:536  0:000   partNum=HMT41GS6DFR8A-PB  
10:536  0:000  SMBIOS Type 17 Index = 0 => 0 0:
10:536  0:000  BANK 0 DIMM0 1600MHz 8192MB
10:536  0:000   partNum unknown
10:536  0:000  SMBIOS Type 17 Index = 1 => 1 1:
10:536  0:000  BANK 0 DIMM1 EMPTY
10:536  0:000  mTotalSystemMemory = 8192
10:536  0:000  NumberOfMemoryDevices = 2
10:536  0:000  Type20[0]->End = 0x7FFFFF, Type17[0] = 0x2000
10:536  0:000  Table 131 is present, CPUType=31
10:536  0:000  Change to: 705
10:536  0:000  === [ PatchACPI ] =========================================
10:536  0:000  Xsdt reallocation done
10:536  0:000  old FADT length=10C
10:536  0:000   SignatureFixup: 0xE2E9843B -> 0x0
10:537  0:001  Apply DsdtFixMask=0x20060050
10:537  0:000     drop _DSM mask=0xFFFF
10:537  0:000  === [ FixBiosDsdt ] =======================================
10:537  0:000  VideoCard devID=0x191B8086
10:537  0:000  DisplayADR1[0] = 0x20000, DisplayADR2[0] = 0xFFFE
10:537  0:000  USBADR[0] = 0x140000 and PCIe = 0xFFFE
10:537  0:000  Found Airport BCM at 0x1C0005, 0x0
10:550  0:013  Audio HDA (addr:0x1F0003) setting specified layout-id=13 (0xD)
10:550  0:000  Patching DSDT:
10:550  0:000   - [change OSID to XSID (to avoid match against _OSI XOSI patch)]: pattern 4F534944, bin not found / already patched!
10:550  0:000   - [change _OSI to XOSI]: pattern 5F4F5349, patched at: [ (7DA4) (7F74) (3) (11) (18) (1C) (1C) (1A) (18) (18) (18) (18) ]
10:550  0:000   - [change EHC1 to EH01]: pattern 45484331, bin not found / already patched!
10:551  0:000   - [change EHC2 to EH02]: pattern 45484332, bin not found / already patched!
10:551  0:000   - [change _DSM to XDSM]: pattern 5F44534D, patched at: [ (2FA5) (3AC) (388) (388) (388) (388) (388) (388) (388) (388) (388) (395) (388) (388) (388) (388) (388) (388) (388) (388) (388) (1C18) (97) (52) (DDB) (E88) (468) (11) (51) (22) (21) (15) (14) (1E) (13B8) (EE) (EE) (EE) (EE) (EE) (D9) (D9) (12A) (12A) (12A) (1F2) (1A1) (308) (10B9) (14A) (B8) (4C) (1787) (4057) (12A5) ]
10:551  0:000   - [change EC0 to EC]: disabled
10:551  0:000   - [change H_EC to EC]: disabled
10:551  0:000   - [change ECDV to EC]: disabled
10:551  0:000   - [change HDAS to HDEF]: pattern 48444153, patched at: [ (90CD) (223B) (86) (D) (A1) (6A) ]
10:551  0:000   - [change HECI to IMEI]: pattern 48454349, patched at: [ (ECCA) ]
10:551  0:000   - [change MEI to IMEI]: pattern 4D45495F, bin not found / already patched!
10:551  0:000   - [change GFX0 to IGPU]: pattern 47465830, patched at: [ (2F8E) (4FE1) (72F4) (1B) (2FE7) (14) (1E5) (1666) (1649) (1FDB) (858) (2F) (1D) (F) (2B5) (2F) (1D) (F) (96F) (12) (5) (2CC) (D) (13) (E) (E) (E) ]
10:552  0:000   - [change PCI0.VID to IGPU #1 (Thinkpad)]: disabled
10:552  0:000   - [change PCI0.VID to IGPU #2 (Thinkpad)]: disabled
10:552  0:000   - [change _BIF to XBIF]: pattern 5F424946, patched at: [ (18FED) ]
10:552  0:000   - [change _BST to XBST]: pattern 5F425354, patched at: [ (193C9) ]
10:552  0:000   - [change Method(GPRW,2,N) to XPRW, pair with SSDT-PRW.aml]: pattern 47505257, patched at: [ (1024E) ]
10:552  0:000   - [change Method _Q80 to XQ80, pair with SSDT-BTNB.aml]: pattern 5F513830, patched at: [ (1791B) ]
10:552  0:000   - [change Method _Q81 to XQ81, pair with SSDT-BTNB.aml]: pattern 5F513831, patched at: [ (17C3B) ]
10:552  0:000    0 replacements
10:552  0:000  first CPU found at 7A9D offset 7AA0
10:552  0:000  score candidate at 7A99
10:552  0:000  score inserted in acpi_cpu_score _PR_
10:552  0:000  Found ACPI CPU: CPU0 | CPU1 | CPU2 | CPU3 | CPU4 | CPU5 | CPU6 | CPU7 , within the score: _PR_
10:553  0:000  Start RTC Fix
10:553  0:000  found RTC Length not match, Maybe will cause CMOS reset will patch it.
10:553  0:000  found RTC had IRQNoFlag will move -3 bytes
10:553  0:000  ...len=194F1
10:553  0:000  new size written to 14FDC shift=0 len=194F1
10:553  0:000  len after correct outers 194F1
10:553  0:000  Start TMR Fix
10:554  0:000  Start PIC Fix
10:554  0:000  PIC size=A5 at 14DF7
10:554  0:000  found CRS at 14E0B size 8D
10:554  0:000  found PIC had IRQNoFlag will move -3 bytes
10:554  0:000  Fix Device PIC size -3
10:554  0:000  Start HPET Fix
10:555  0:000  PreCleanup XSDT: count=23, length=220
10:555  0:000  PreCleanup XSDT, corrected XSDT: count=23, length=220
10:555  0:000  === [ ACPIPatchedAML ] ====================================
10:555  0:000  AutoMerge pass 1
10:555  0:000  Unsorted
10:555  0:000  Inserting SSDT-XOSI.aml from EFI\CLOVER\ACPI\patched: ignore on pass 1
10:555  0:000  Inserting SSDT-UIAC-7559-4k.aml from EFI\CLOVER\ACPI\patched: ignore on pass 1
10:555  0:000  Inserting SSDT-RMDT.aml from EFI\CLOVER\ACPI\patched: ignore on pass 1
10:555  0:000  Inserting SSDT-PNLF-AppleBacklight.aml from EFI\CLOVER\ACPI\patched: ignore on pass 1
10:555  0:000  Inserting SSDT-LPC.aml from EFI\CLOVER\ACPI\patched: ignore on pass 1
10:555  0:000  Inserting SSDT-HDEF.aml from EFI\CLOVER\ACPI\patched: ignore on pass 1
10:555  0:000  Inserting SSDT-GPRW.aml from EFI\CLOVER\ACPI\patched: ignore on pass 1
10:555  0:000  Inserting SSDT-DiscreteSpoof.aml from EFI\CLOVER\ACPI\patched: ignore on pass 1
10:555  0:000  Inserting SSDT-DGPU.aml from EFI\CLOVER\ACPI\patched: ignore on pass 1
10:555  0:000  Inserting SSDT-BTNB.aml from EFI\CLOVER\ACPI\patched: ignore on pass 1
10:555  0:000  Inserting SSDT-BAT.aml from EFI\CLOVER\ACPI\patched: ignore on pass 1
10:555  0:000  === [ ACPIDropTables ] ====================================
10:555  0:000  0. [change OSID to XSID (to avoid match against _OSI XOSI patch)]: pattern 4F534944, bin not found / already patched!
10:555  0:000  1. [change _OSI to XOSI]: pattern 5F4F5349, bin not found / already patched!
10:555  0:000  2. [change EHC1 to EH01]: pattern 45484331, bin not found / already patched!
10:555  0:000  3. [change EHC2 to EH02]: pattern 45484332, bin not found / already patched!
10:555  0:000  4. [change _DSM to XDSM]: pattern 5F44534D, bin not found / already patched!
10:555  0:000  5. [change EC0 to EC]: disabled
10:555  0:000  6. [change H_EC to EC]: disabled
10:555  0:000  7. [change ECDV to EC]: disabled
10:555  0:000  8. [change HDAS to HDEF]: pattern 48444153, bin not found / already patched!
10:555  0:000  9. [change HECI to IMEI]: pattern 48454349, bin not found / already patched!
10:555  0:000  10. [change MEI to IMEI]: pattern 4D45495F, bin not found / already patched!
10:555  0:000  11. [change GFX0 to IGPU]: pattern 47465830, bin not found / already patched!
10:555  0:000  12. [change PCI0.VID to IGPU #1 (Thinkpad)]: disabled
10:555  0:000  13. [change PCI0.VID to IGPU #2 (Thinkpad)]: disabled
10:555  0:000  14. [change _BIF to XBIF]: pattern 5F424946, bin not found / already patched!
10:555  0:000  15. [change _BST to XBST]: pattern 5F425354, bin not found / already patched!
10:555  0:000  16. [change Method(GPRW,2,N) to XPRW, pair with SSDT-PRW.aml]: pattern 47505257, bin not found / already patched!
10:555  0:000  17. [change Method _Q80 to XQ80, pair with SSDT-BTNB.aml]: pattern 5F513830, bin not found / already patched!
10:555  0:000  18. [change Method _Q81 to XQ81, pair with SSDT-BTNB.aml]: pattern 5F513831, bin not found / already patched!
10:555  0:000    0 replacements
10:555  0:000  0. [change OSID to XSID (to avoid match against _OSI XOSI patch)]: pattern 4F534944, bin not found / already patched!
10:555  0:000  1. [change _OSI to XOSI]: pattern 5F4F5349, bin not found / already patched!
10:555  0:000  2. [change EHC1 to EH01]: pattern 45484331, bin not found / already patched!
10:555  0:000  3. [change EHC2 to EH02]: pattern 45484332, bin not found / already patched!
10:555  0:000  4. [change _DSM to XDSM]: pattern 5F44534D, patched at: [ (51) ]
10:555  0:000  5. [change EC0 to EC]: disabled
10:555  0:000  6. [change H_EC to EC]: disabled
10:555  0:000  7. [change ECDV to EC]: disabled
10:555  0:000  8. [change HDAS to HDEF]: pattern 48444153, bin not found / already patched!
10:555  0:000  9. [change HECI to IMEI]: pattern 48454349, bin not found / already patched!
10:555  0:000  10. [change MEI to IMEI]: pattern 4D45495F, bin not found / already patched!
10:555  0:000  11. [change GFX0 to IGPU]: pattern 47465830, bin not found / already patched!
10:555  0:000  12. [change PCI0.VID to IGPU #1 (Thinkpad)]: disabled
10:555  0:000  13. [change PCI0.VID to IGPU #2 (Thinkpad)]: disabled
10:555  0:000  14. [change _BIF to XBIF]: pattern 5F424946, bin not found / already patched!
10:555  0:000  15. [change _BST to XBST]: pattern 5F425354, bin not found / already patched!
10:555  0:000  16. [change Method(GPRW,2,N) to XPRW, pair with SSDT-PRW.aml]: pattern 47505257, bin not found / already patched!
10:555  0:000  17. [change Method _Q80 to XQ80, pair with SSDT-BTNB.aml]: pattern 5F513830, bin not found / already patched!
10:555  0:000  18. [change Method _Q81 to XQ81, pair with SSDT-BTNB.aml]: pattern 5F513831, bin not found / already patched!
10:555  0:000    0 replacements
10:555  0:000  0. [change OSID to XSID (to avoid match against _OSI XOSI patch)]: pattern 4F534944, bin not found / already patched!
10:555  0:000  1. [change _OSI to XOSI]: pattern 5F4F5349, bin not found / already patched!
10:555  0:000  2. [change EHC1 to EH01]: pattern 45484331, bin not found / already patched!
10:555  0:000  3. [change EHC2 to EH02]: pattern 45484332, bin not found / already patched!
10:555  0:000  4. [change _DSM to XDSM]: pattern 5F44534D, bin not found / already patched!
10:555  0:000  5. [change EC0 to EC]: disabled
10:555  0:000  6. [change H_EC to EC]: disabled
10:555  0:000  7. [change ECDV to EC]: disabled
10:555  0:000  8. [change HDAS to HDEF]: pattern 48444153, bin not found / already patched!
10:555  0:000  9. [change HECI to IMEI]: pattern 48454349, bin not found / already patched!
10:555  0:000  10. [change MEI to IMEI]: pattern 4D45495F, bin not found / already patched!
10:555  0:000  11. [change GFX0 to IGPU]: pattern 47465830, bin not found / already patched!
10:555  0:000  12. [change PCI0.VID to IGPU #1 (Thinkpad)]: disabled
10:555  0:000  13. [change PCI0.VID to IGPU #2 (Thinkpad)]: disabled
10:555  0:000  14. [change _BIF to XBIF]: pattern 5F424946, bin not found / already patched!
10:555  0:000  15. [change _BST to XBST]: pattern 5F425354, bin not found / already patched!
10:555  0:000  16. [change Method(GPRW,2,N) to XPRW, pair with SSDT-PRW.aml]: pattern 47505257, bin not found / already patched!
10:555  0:000  17. [change Method _Q80 to XQ80, pair with SSDT-BTNB.aml]: pattern 5F513830, bin not found / already patched!
10:555  0:000  18. [change Method _Q81 to XQ81, pair with SSDT-BTNB.aml]: pattern 5F513831, bin not found / already patched!
10:555  0:000    0 replacements
10:555  0:000  0. [change OSID to XSID (to avoid match against _OSI XOSI patch)]: pattern 4F534944, bin not found / already patched!
10:555  0:000  1. [change _OSI to XOSI]: pattern 5F4F5349, bin not found / already patched!
10:555  0:000  2. [change EHC1 to EH01]: pattern 45484331, bin not found / already patched!
10:555  0:000  3. [change EHC2 to EH02]: pattern 45484332, bin not found / already patched!
10:555  0:000  4. [change _DSM to XDSM]: pattern 5F44534D, bin not found / already patched!
10:555  0:000  5. [change EC0 to EC]: disabled
10:555  0:000  6. [change H_EC to EC]: disabled
10:555  0:000  7. [change ECDV to EC]: disabled
10:555  0:000  8. [change HDAS to HDEF]: pattern 48444153, bin not found / already patched!
10:555  0:000  9. [change HECI to IMEI]: pattern 48454349, bin not found / already patched!
10:555  0:000  10. [change MEI to IMEI]: pattern 4D45495F, bin not found / already patched!
10:555  0:000  11. [change GFX0 to IGPU]: pattern 47465830, bin not found / already patched!
10:555  0:000  12. [change PCI0.VID to IGPU #1 (Thinkpad)]: disabled
10:555  0:000  13. [change PCI0.VID to IGPU #2 (Thinkpad)]: disabled
10:555  0:000  14. [change _BIF to XBIF]: pattern 5F424946, bin not found / already patched!
10:555  0:000  15. [change _BST to XBST]: pattern 5F425354, bin not found / already patched!
10:555  0:000  16. [change Method(GPRW,2,N) to XPRW, pair with SSDT-PRW.aml]: pattern 47505257, bin not found / already patched!
10:555  0:000  17. [change Method _Q80 to XQ80, pair with SSDT-BTNB.aml]: pattern 5F513830, bin not found / already patched!
10:555  0:000  18. [change Method _Q81 to XQ81, pair with SSDT-BTNB.aml]: pattern 5F513831, bin not found / already patched!
10:555  0:000    0 replacements
10:555  0:000  0. [change OSID to XSID (to avoid match against _OSI XOSI patch)]: pattern 4F534944, bin not found / already patched!
10:555  0:000  1. [change _OSI to XOSI]: pattern 5F4F5349, bin not found / already patched!
10:555  0:000  2. [change EHC1 to EH01]: pattern 45484331, bin not found / already patched!
10:555  0:000  3. [change EHC2 to EH02]: pattern 45484332, bin not found / already patched!
10:555  0:000  4. [change _DSM to XDSM]: pattern 5F44534D, bin not found / already patched!
10:555  0:000  5. [change EC0 to EC]: disabled
10:555  0:000  6. [change H_EC to EC]: disabled
10:555  0:000  7. [change ECDV to EC]: disabled
10:555  0:000  8. [change HDAS to HDEF]: pattern 48444153, bin not found / already patched!
10:555  0:000  9. [change HECI to IMEI]: pattern 48454349, bin not found / already patched!
10:555  0:000  10. [change MEI to IMEI]: pattern 4D45495F, bin not found / already patched!
10:555  0:000  11. [change GFX0 to IGPU]: pattern 47465830, bin not found / already patched!
10:555  0:000  12. [change PCI0.VID to IGPU #1 (Thinkpad)]: disabled
10:555  0:000  13. [change PCI0.VID to IGPU #2 (Thinkpad)]: disabled
10:555  0:000  14. [change _BIF to XBIF]: pattern 5F424946, bin not found / already patched!
10:555  0:000  15. [change _BST to XBST]: pattern 5F425354, bin not found / already patched!
10:555  0:000  16. [change Method(GPRW,2,N) to XPRW, pair with SSDT-PRW.aml]: pattern 47505257, bin not found / already patched!
10:555  0:000  17. [change Method _Q80 to XQ80, pair with SSDT-BTNB.aml]: pattern 5F513830, bin not found / already patched!
10:555  0:000  18. [change Method _Q81 to XQ81, pair with SSDT-BTNB.aml]: pattern 5F513831, bin not found / already patched!
10:555  0:000    0 replacements
10:555  0:000  0. [change OSID to XSID (to avoid match against _OSI XOSI patch)]: pattern 4F534944, bin not found / already patched!
10:555  0:000  1. [change _OSI to XOSI]: pattern 5F4F5349, bin not found / already patched!
10:555  0:000  2. [change EHC1 to EH01]: pattern 45484331, bin not found / already patched!
10:556  0:000  3. [change EHC2 to EH02]: pattern 45484332, bin not found / already patched!
10:556  0:000  4. [change _DSM to XDSM]: pattern 5F44534D, patched at: [ (4BC) (4C8) (2AB) (2B9E) ]
10:556  0:000  5. [change EC0 to EC]: disabled
10:556  0:000  6. [change H_EC to EC]: disabled
10:556  0:000  7. [change ECDV to EC]: disabled
10:556  0:000  8. [change HDAS to HDEF]: pattern 48444153, bin not found / already patched!
10:556  0:000  9. [change HECI to IMEI]: pattern 48454349, bin not found / already patched!
10:556  0:000  10. [change MEI to IMEI]: pattern 4D45495F, bin not found / already patched!
10:556  0:000  11. [change GFX0 to IGPU]: pattern 47465830, patched at: [ (E6F) (1CC0) (A66) (1D) ]
10:556  0:000  12. [change PCI0.VID to IGPU #1 (Thinkpad)]: disabled
10:556  0:000  13. [change PCI0.VID to IGPU #2 (Thinkpad)]: disabled
10:556  0:000  14. [change _BIF to XBIF]: pattern 5F424946, bin not found / already patched!
10:556  0:000  15. [change _BST to XBST]: pattern 5F425354, bin not found / already patched!
10:556  0:000  16. [change Method(GPRW,2,N) to XPRW, pair with SSDT-PRW.aml]: pattern 47505257, bin not found / already patched!
10:556  0:000  17. [change Method _Q80 to XQ80, pair with SSDT-BTNB.aml]: pattern 5F513830, bin not found / already patched!
10:556  0:000  18. [change Method _Q81 to XQ81, pair with SSDT-BTNB.aml]: pattern 5F513831, bin not found / already patched!
10:556  0:000    0 replacements
10:556  0:000  Found OperationRegion(SANV, SystemMemory, 77ABAD98, ...)
10:556  0:000  0. [change OSID to XSID (to avoid match against _OSI XOSI patch)]: pattern 4F534944, bin not found / already patched!
10:556  0:000  1. [change _OSI to XOSI]: pattern 5F4F5349, bin not found / already patched!
10:556  0:000  2. [change EHC1 to EH01]: pattern 45484331, bin not found / already patched!
10:556  0:000  3. [change EHC2 to EH02]: pattern 45484332, bin not found / already patched!
10:556  0:000  4. [change _DSM to XDSM]: pattern 5F44534D, bin not found / already patched!
10:556  0:000  5. [change EC0 to EC]: disabled
10:556  0:000  6. [change H_EC to EC]: disabled
10:556  0:000  7. [change ECDV to EC]: disabled
10:556  0:000  8. [change HDAS to HDEF]: pattern 48444153, bin not found / already patched!
10:556  0:000  9. [change HECI to IMEI]: pattern 48454349, bin not found / already patched!
10:556  0:000  10. [change MEI to IMEI]: pattern 4D45495F, bin not found / already patched!
10:556  0:000  11. [change GFX0 to IGPU]: pattern 47465830, bin not found / already patched!
10:556  0:000  12. [change PCI0.VID to IGPU #1 (Thinkpad)]: disabled
10:556  0:000  13. [change PCI0.VID to IGPU #2 (Thinkpad)]: disabled
10:556  0:000  14. [change _BIF to XBIF]: pattern 5F424946, bin not found / already patched!
10:556  0:000  15. [change _BST to XBST]: pattern 5F425354, bin not found / already patched!
10:556  0:000  16. [change Method(GPRW,2,N) to XPRW, pair with SSDT-PRW.aml]: pattern 47505257, bin not found / already patched!
10:556  0:000  17. [change Method _Q80 to XQ80, pair with SSDT-BTNB.aml]: pattern 5F513830, bin not found / already patched!
10:556  0:000  18. [change Method _Q81 to XQ81, pair with SSDT-BTNB.aml]: pattern 5F513831, bin not found / already patched!
10:556  0:000    0 replacements
10:556  0:000  Found OperationRegion(PNVS, SystemMemory, 6E838000, ...)
10:556  0:000  0. [change OSID to XSID (to avoid match against _OSI XOSI patch)]: pattern 4F534944, bin not found / already patched!
10:556  0:000  1. [change _OSI to XOSI]: pattern 5F4F5349, bin not found / already patched!
10:556  0:000  2. [change EHC1 to EH01]: pattern 45484331, bin not found / already patched!
10:556  0:000  3. [change EHC2 to EH02]: pattern 45484332, bin not found / already patched!
10:556  0:000  4. [change _DSM to XDSM]: pattern 5F44534D, bin not found / already patched!
10:556  0:000  5. [change EC0 to EC]: disabled
10:556  0:000  6. [change H_EC to EC]: disabled
10:556  0:000  7. [change ECDV to EC]: disabled
10:556  0:000  8. [change HDAS to HDEF]: pattern 48444153, bin not found / already patched!
10:556  0:000  9. [change HECI to IMEI]: pattern 48454349, bin not found / already patched!
10:556  0:000  10. [change MEI to IMEI]: pattern 4D45495F, bin not found / already patched!
10:556  0:000  11. [change GFX0 to IGPU]: pattern 47465830, bin not found / already patched!
10:556  0:000  12. [change PCI0.VID to IGPU #1 (Thinkpad)]: disabled
10:556  0:000  13. [change PCI0.VID to IGPU #2 (Thinkpad)]: disabled
10:556  0:000  14. [change _BIF to XBIF]: pattern 5F424946, bin not found / already patched!
10:556  0:000  15. [change _BST to XBST]: pattern 5F425354, bin not found / already patched!
10:556  0:000  16. [change Method(GPRW,2,N) to XPRW, pair with SSDT-PRW.aml]: pattern 47505257, bin not found / already patched!
10:556  0:000  17. [change Method _Q80 to XQ80, pair with SSDT-BTNB.aml]: pattern 5F513830, bin not found / already patched!
10:556  0:000  18. [change Method _Q81 to XQ81, pair with SSDT-BTNB.aml]: pattern 5F513831, bin not found / already patched!
10:556  0:000    0 replacements
10:556  0:000  0. [change OSID to XSID (to avoid match against _OSI XOSI patch)]: pattern 4F534944, bin not found / already patched!
10:556  0:000  1. [change _OSI to XOSI]: pattern 5F4F5349, patched at: [ (16B7) (17) ]
10:556  0:000  2. [change EHC1 to EH01]: pattern 45484331, bin not found / already patched!
10:556  0:000  3. [change EHC2 to EH02]: pattern 45484332, bin not found / already patched!
10:556  0:000  4. [change _DSM to XDSM]: pattern 5F44534D, patched at: [ (24D) (172A) (41) (11) ]
10:556  0:000  5. [change EC0 to EC]: disabled
10:556  0:000  6. [change H_EC to EC]: disabled
10:556  0:000  7. [change ECDV to EC]: disabled
10:556  0:000  8. [change HDAS to HDEF]: pattern 48444153, bin not found / already patched!
10:556  0:000  9. [change HECI to IMEI]: pattern 48454349, bin not found / already patched!
10:556  0:000  10. [change MEI to IMEI]: pattern 4D45495F, bin not found / already patched!
10:556  0:000  11. [change GFX0 to IGPU]: pattern 47465830, patched at: [ (266) (F9) (527) (112A) (11) ]
10:556  0:000  12. [change PCI0.VID to IGPU #1 (Thinkpad)]: disabled
10:556  0:000  13. [change PCI0.VID to IGPU #2 (Thinkpad)]: disabled
10:556  0:000  14. [change _BIF to XBIF]: pattern 5F424946, bin not found / already patched!
10:556  0:000  15. [change _BST to XBST]: pattern 5F425354, bin not found / already patched!
10:556  0:000  16. [change Method(GPRW,2,N) to XPRW, pair with SSDT-PRW.aml]: pattern 47505257, bin not found / already patched!
10:556  0:000  17. [change Method _Q80 to XQ80, pair with SSDT-BTNB.aml]: pattern 5F513830, bin not found / already patched!
10:556  0:000  18. [change Method _Q81 to XQ81, pair with SSDT-BTNB.aml]: pattern 5F513831, bin not found / already patched!
10:556  0:000    0 replacements
10:556  0:000  === [ ACPIPatchedAML ] ====================================
10:556  0:000  AutoMerge pass 2
10:556  0:000  Unsorted
10:556  0:000  Inserting SSDT-XOSI.aml from EFI\CLOVER\ACPI\patched: size=73 ... Success
10:556  0:000  Inserting SSDT-UIAC-7559-4k.aml from EFI\CLOVER\ACPI\patched: size=543 ... Success
10:556  0:000  Inserting SSDT-RMDT.aml from EFI\CLOVER\ACPI\patched: size=812 ... Success
10:556  0:000  Inserting SSDT-PNLF-AppleBacklight.aml from EFI\CLOVER\ACPI\patched: size=848 ... Success
10:556  0:000  Inserting SSDT-LPC.aml from EFI\CLOVER\ACPI\patched: size=120 ... Success
10:556  0:000  Inserting SSDT-HDEF.aml from EFI\CLOVER\ACPI\patched: size=504 ... Success
10:556  0:000  Inserting SSDT-GPRW.aml from EFI\CLOVER\ACPI\patched: size=87 ... Success
10:556  0:000  Inserting SSDT-DiscreteSpoof.aml from EFI\CLOVER\ACPI\patched: size=133 ... Success
10:556  0:000  Inserting SSDT-DGPU.aml from EFI\CLOVER\ACPI\patched: size=575 ... Success
10:556  0:000  Inserting SSDT-BTNB.aml from EFI\CLOVER\ACPI\patched: size=160 ... Success
10:556  0:000  Inserting SSDT-BAT.aml from EFI\CLOVER\ACPI\patched: size=1751 ... Success
10:556  0:000  CPUBase=0 and ApicCPUBase=1 ApicCPUNum=1
10:556  0:000  Maximum control=0x1A
10:556  0:000  Turbo control=0x23
10:556  0:000  P-States: min 0x8, max 0x23
10:556  0:000  SSDT with plugin-type without P-States is generated
10:556  0:000  Cleanup XSDT: count=35, length=316
10:556  0:000  corrected XSDT count=35, length=316
10:556  0:000  === [ RestSetup macOS ] ===================================
10:557  0:000  EdidDiscovered size=128
10:557  0:000  --- Discovered EDID Table size:128
10:557  0:000  000  |  00  FF  FF  FF  FF  FF  FF  00  4C  83
10:557  0:000  010  |  4F  C3  00  00  00  00  00  19  01  04
10:557  0:000  020  |  A5  22  13  78  0A  C5  85  A3  57  4F
10:557  0:000  030  |  9C  26  12  50  54  00  00  00  01  01
10:557  0:000  040  |  01  01  01  01  01  01  01  01  01  01
10:557  0:000  050  |  01  01  01  01  D8  CC  00  A0  F0  70
10:557  0:000  060  |  19  80  30  20  26  00  58  C2  10  00
10:557  0:000  070  |  00  1A  D8  CC  00  E0  F1  70  71  81
10:557  0:000  080  |  30  20  26  00  58  C2  10  00  00  1A
10:557  0:000  090  |  00  00  00  FE  00  44  57  4A  30  52
10:557  0:000  100  |  80  31  35  36  46  4C  0A  20  00  00
10:557  0:000  110  |  00  00  00  02  41  21  9B  61  00  00
10:557  0:000  120  |  00  2B  01  0A  20  20  00  F5
10:557  0:000  Intel HD Graphics 530 [8086:191B] :: PciRoot(0x0)\Pci(0x2,0x0)
10:557  0:000    Found Ultra HD, 4K Display - 16:9 :: Width=3840 Height=2160
10:557  0:000    Beginning DualLink auto-detection
10:557  0:000    High Resolution Display
10:557  0:000    AAPL00,DualLink = 1
10:557  0:000    FakeID Intel GFX: not set
10:557  0:000    ig-platform-id = 0x191B0000
10:557  0:000    Beginning Intel GFX auto-detection with ACPI injection
10:557  0:000    Found FakeID Intel GFX = 0x191B8086
10:557  0:000  Intel GFX revision  = 0x6
10:557  0:000   RCBA disabled; cannot use it
10:557  0:000   setting specified layout-id=13 (0xD)
10:557  0:000  stringlength = 2130
10:557  0:000  CurrentMode: Width=3840 Height=2160
10:557  0:000  Beginning FSInjection
FSInjectionInstall ...
- Our FSI_SIMPLE_FILE_SYSTEM_PROTOCOL installed on handle: 72AA2E18
FSInjectionInstall ...
- Our FSI_SIMPLE_FILE_SYSTEM_PROTOCOL installed on handle: 72AA2E18
10:564  0:007  Use origin smbios table type 1 guid.
10:567  0:002  Preparing kexts injection for arch=x86_64 from EFI\CLOVER\kexts\Other
10:567  0:000  Extra kext: EFI\CLOVER\kexts\Other\VoodooPS2Controller.kext (v.1.8.29)
10:576  0:008    |-- PlugIn kext: EFI\CLOVER\kexts\Other\VoodooPS2Controller.kext\Contents\PlugIns\VoodooPS2Mouse.kext (v.1.8.29)
10:582  0:006    |-- PlugIn kext: EFI\CLOVER\kexts\Other\VoodooPS2Controller.kext\Contents\PlugIns\VoodooPS2Keyboard.kext (v.1.8.29)
10:593  0:010  Extra kext: EFI\CLOVER\kexts\Other\USBInjectAll.kext (v.0.6.4)
10:961  0:368  Extra kext: EFI\CLOVER\kexts\Other\Shiki.kext (v.2.2.0)
10:966  0:004  Extra kext: EFI\CLOVER\kexts\Other\SATA-100-series-unsupported.kext (v.0.5.1)
10:968  0:002  Extra kext: EFI\CLOVER\kexts\Other\RealtekRTL8111.kext (v.2.1.0d1)
10:978  0:009  Extra kext: EFI\CLOVER\kexts\Other\Lilu.kext (v.1.2.3)
10:985  0:006  Extra kext: EFI\CLOVER\kexts\Other\FakeSMC.kext (v.1765)
11:000  0:014  Extra kext: EFI\CLOVER\kexts\Other\FakePCIID_Broadcom_WiFi.kext (v.1.3.11)
11:007  0:007  Extra kext: EFI\CLOVER\kexts\Other\FakePCIID.kext (v.1.3.11)
11:012  0:005  Extra kext: EFI\CLOVER\kexts\Other\CoreDisplayFixup.kext (v.1.3.6)
11:017  0:005  Extra kext: EFI\CLOVER\kexts\Other\AppleBacklightInjector.kext (v.0.9.0)
11:022  0:005  Custom boot screen not used because entry has unset use graphics
11:024  0:001  Closing log
